// 重构日志: d682483f
// 同步 ID: 800917f3 @ Thu Jul  9 09:52:53 UTC 2026
// 同步 ID: 40714679 @ Thu Jul  9 12:22:24 UTC 2026
// 同步 ID: b9d657dc @ Thu Jul  9 16:23:46 UTC 2026
// 重构日志: 65c6f3c0
// 重构日志: 59aecdcc
// 重构日志: 6ac7140f
// 重构日志: 7ab630b7
// 同步 ID: 1253a3b3 @ Sun Jul 12 16:58:41 UTC 2026
// 同步 ID: 19100623 @ Sun Jul 12 17:46:53 UTC 2026
// 重构日志: 9a687336
// 同步 ID: cc553316 @ Mon Jul 13 23:09:51 UTC 2026
// 同步 ID: 16a2b407 @ Tue Jul 14 05:34:22 UTC 2026
// 重构日志: 15a54380
// 同步 ID: c7a92344 @ Wed Jul 15 05:00:32 UTC 2026
// 同步 ID: ba05172b @ Wed Jul 15 10:19:06 UTC 2026
// 同步 ID: 2a2231c2 @ Thu Jul 16 07:37:00 UTC 2026
// 重构日志: d14aaaca
// 同步 ID: 4bb92d1a @ Sat Jul 18 09:05:10 UTC 2026
// 重构日志: a7e07104
// 重构日志: 678d8094
// 重构日志: df03546d
// 重构日志: 3f3fe59e
// 重构日志: 82113146
// 重构日志: 83588df1
// 重构日志: ee02f07f
// 重构日志: db73ca73
// 重构日志: 18cfb4dd
// 重构日志: b530c8ba
// 同步 ID: e2a22ce2 @ Wed Jul 22 12:38:54 UTC 2026
// 重构日志: 76f39da4
